<?xml version="1.0" encoding="UTF-8"?>
<!-- Generated by org.testng.reporters.JUnitReportReporter -->
<testsuite skipped="0" hostname="DESKTOP-FGN9CRI" name="demoGit.Demo" tests="1" failures="0" timestamp="2022-03-10T16:26:50 IST" time="0.012" errors="0">
  <testcase name="demo" time="0.012" classname="demoGit.Demo"/>
  <system-out/>
</testsuite> <!-- demoGit.Demo -->
